ROLLING: [2019-07-31 09:46:09:1035][main] INFO  c.example.demo.DemoApplicationTests - Starting DemoApplicationTests on DESKTOP-0O2V5C8 with PID 16552 (started by KSH_N01 in C:\Users\KSH_N01\Desktop\demo)
ROLLING: [2019-07-31 09:46:09:1036][main] DEBUG c.example.demo.DemoApplicationTests - Running with Spring Boot v2.1.6.RELEASE, Spring v5.1.8.RELEASE
ROLLING: [2019-07-31 09:46:09:1037][main] INFO  c.example.demo.DemoApplicationTests - No active profile set, falling back to default profiles: default
ROLLING: [2019-07-31 09:46:12:4294][main] INFO  c.example.demo.DemoApplicationTests - Started DemoApplicationTests in 3.681 seconds (JVM running for 4.871)
ROLLING: [2019-07-31 10:36:48:601][main] INFO  com.example.demo.DemoApplication - Starting DemoApplication on DESKTOP-0O2V5C8 with PID 16892 (C:\Users\KSH_N01\Desktop\demo\target\classes started by KSH_N01 in C:\Users\KSH_N01\Desktop\demo)
ROLLING: [2019-07-31 10:36:48:604][main] DEBUG com.example.demo.DemoApplication - Running with Spring Boot v2.1.6.RELEASE, Spring v5.1.8.RELEASE
ROLLING: [2019-07-31 10:36:48:604][main] INFO  com.example.demo.DemoApplication - No active profile set, falling back to default profiles: default
ROLLING: [2019-07-31 10:36:50:2613][main] INFO  com.example.demo.DemoApplication - Started DemoApplication in 2.471 seconds (JVM running for 4.556)
ROLLING: [2019-07-31 10:48:12:579][main] INFO  com.example.demo.DemoApplication - Starting DemoApplication on DESKTOP-0O2V5C8 with PID 6340 (C:\Users\KSH_N01\Desktop\demo\target\classes started by KSH_N01 in C:\Users\KSH_N01\Desktop\demo)
ROLLING: [2019-07-31 10:48:12:582][main] DEBUG com.example.demo.DemoApplication - Running with Spring Boot v2.1.6.RELEASE, Spring v5.1.8.RELEASE
ROLLING: [2019-07-31 10:48:12:582][main] INFO  com.example.demo.DemoApplication - No active profile set, falling back to default profiles: default
ROLLING: [2019-07-31 10:48:14:2619][main] INFO  com.example.demo.DemoApplication - Started DemoApplication in 2.492 seconds (JVM running for 4.546)
ROLLING: [2019-07-31 10:58:14:554][main] INFO  com.example.demo.DemoApplication - Starting DemoApplication on DESKTOP-0O2V5C8 with PID 10372 (C:\Users\KSH_N01\Desktop\demo\target\classes started by KSH_N01 in C:\Users\KSH_N01\Desktop\demo)
ROLLING: [2019-07-31 10:58:14:557][main] DEBUG com.example.demo.DemoApplication - Running with Spring Boot v2.1.6.RELEASE, Spring v5.1.8.RELEASE
ROLLING: [2019-07-31 10:58:14:557][main] INFO  com.example.demo.DemoApplication - No active profile set, falling back to default profiles: default
ROLLING: [2019-07-31 10:58:16:2637][main] INFO  com.example.demo.DemoApplication - Started DemoApplication in 2.51 seconds (JVM running for 4.584)
ROLLING: [2019-07-31 11:08:01:546][main] INFO  com.example.demo.DemoApplication - Starting DemoApplication on DESKTOP-0O2V5C8 with PID 9196 (C:\Users\KSH_N01\Desktop\demo\target\classes started by KSH_N01 in C:\Users\KSH_N01\Desktop\demo)
ROLLING: [2019-07-31 11:08:01:549][main] DEBUG com.example.demo.DemoApplication - Running with Spring Boot v2.1.6.RELEASE, Spring v5.1.8.RELEASE
ROLLING: [2019-07-31 11:08:01:549][main] INFO  com.example.demo.DemoApplication - No active profile set, falling back to default profiles: default
ROLLING: [2019-07-31 11:08:03:2561][main] INFO  com.example.demo.DemoApplication - Started DemoApplication in 2.433 seconds (JVM running for 4.492)
ROLLING: [2019-07-31 11:10:43:528][main] INFO  com.example.demo.DemoApplication - Starting DemoApplication on DESKTOP-0O2V5C8 with PID 7984 (C:\Users\KSH_N01\Desktop\demo\target\classes started by KSH_N01 in C:\Users\KSH_N01\Desktop\demo)
ROLLING: [2019-07-31 11:10:43:530][main] DEBUG com.example.demo.DemoApplication - Running with Spring Boot v2.1.6.RELEASE, Spring v5.1.8.RELEASE
ROLLING: [2019-07-31 11:10:43:531][main] INFO  com.example.demo.DemoApplication - No active profile set, falling back to default profiles: default
ROLLING: [2019-07-31 11:10:45:2498][main] INFO  com.example.demo.DemoApplication - Started DemoApplication in 2.376 seconds (JVM running for 4.403)
ROLLING: [2019-07-31 11:20:26:676][main] INFO  com.example.demo.DemoApplication - Starting DemoApplication on DESKTOP-0O2V5C8 with PID 18352 (C:\Users\KSH_N01\Desktop\demo\target\classes started by KSH_N01 in C:\Users\KSH_N01\Desktop\demo)
ROLLING: [2019-07-31 11:20:26:679][main] DEBUG com.example.demo.DemoApplication - Running with Spring Boot v2.1.6.RELEASE, Spring v5.1.8.RELEASE
ROLLING: [2019-07-31 11:20:26:680][main] INFO  com.example.demo.DemoApplication - No active profile set, falling back to default profiles: default
ROLLING: [2019-07-31 11:20:29:3000][main] INFO  com.example.demo.DemoApplication - Started DemoApplication in 2.839 seconds (JVM running for 4.988)
ROLLING: [2019-07-31 11:20:32:6491][http-nio-8888-exec-1] DEBUG c.e.d.b.m.BoardMapper.boardList - ==>  Preparing: SELECT * FROM BOARD 
ROLLING: [2019-07-31 11:20:32:6520][http-nio-8888-exec-1] DEBUG c.e.d.b.m.BoardMapper.boardList - ==> Parameters: 
ROLLING: [2019-07-31 11:20:32:6562][http-nio-8888-exec-1] DEBUG c.e.d.b.m.BoardMapper.boardList - <==      Total: 1
ROLLING: [2019-07-31 11:22:16:576][main] INFO  com.example.demo.DemoApplication - Starting DemoApplication on DESKTOP-0O2V5C8 with PID 10480 (C:\Users\KSH_N01\Desktop\demo\target\classes started by KSH_N01 in C:\Users\KSH_N01\Desktop\demo)
ROLLING: [2019-07-31 11:22:16:579][main] DEBUG com.example.demo.DemoApplication - Running with Spring Boot v2.1.6.RELEASE, Spring v5.1.8.RELEASE
ROLLING: [2019-07-31 11:22:16:579][main] INFO  com.example.demo.DemoApplication - No active profile set, falling back to default profiles: default
ROLLING: [2019-07-31 11:22:18:2717][main] INFO  com.example.demo.DemoApplication - Started DemoApplication in 2.587 seconds (JVM running for 4.601)
ROLLING: [2019-07-31 11:22:21:5605][http-nio-8888-exec-1] DEBUG c.e.d.b.m.BoardMapper.boardList - ==>  Preparing: SELECT * FROM BOARD 
ROLLING: [2019-07-31 11:22:21:5633][http-nio-8888-exec-1] DEBUG c.e.d.b.m.BoardMapper.boardList - ==> Parameters: 
ROLLING: [2019-07-31 11:22:21:5685][http-nio-8888-exec-1] DEBUG c.e.d.b.m.BoardMapper.boardList - <==      Total: 21
ROLLING: [2019-07-31 11:24:27:540][main] INFO  com.example.demo.DemoApplication - Starting DemoApplication on DESKTOP-0O2V5C8 with PID 15972 (C:\Users\KSH_N01\Desktop\demo\target\classes started by KSH_N01 in C:\Users\KSH_N01\Desktop\demo)
ROLLING: [2019-07-31 11:24:27:543][main] DEBUG com.example.demo.DemoApplication - Running with Spring Boot v2.1.6.RELEASE, Spring v5.1.8.RELEASE
ROLLING: [2019-07-31 11:24:27:543][main] INFO  com.example.demo.DemoApplication - No active profile set, falling back to default profiles: default
ROLLING: [2019-07-31 11:24:29:2607][main] INFO  com.example.demo.DemoApplication - Started DemoApplication in 2.476 seconds (JVM running for 4.557)
ROLLING: [2019-07-31 11:24:30:3865][http-nio-8888-exec-1] DEBUG c.e.d.b.m.BoardMapper.boardList - ==>  Preparing: SELECT * FROM BOARD 
ROLLING: [2019-07-31 11:24:30:3894][http-nio-8888-exec-1] DEBUG c.e.d.b.m.BoardMapper.boardList - ==> Parameters: 
ROLLING: [2019-07-31 11:24:30:3928][http-nio-8888-exec-1] DEBUG c.e.d.b.m.BoardMapper.boardList - <==      Total: 21
ROLLING: [2019-07-31 11:30:21:1280][main] INFO  c.example.demo.DemoApplicationTests - Starting DemoApplicationTests on DESKTOP-0O2V5C8 with PID 12724 (started by KSH_N01 in C:\Users\KSH_N01\Desktop\demo)
ROLLING: [2019-07-31 11:30:21:1281][main] DEBUG c.example.demo.DemoApplicationTests - Running with Spring Boot v2.1.6.RELEASE, Spring v5.1.8.RELEASE
ROLLING: [2019-07-31 11:30:21:1282][main] INFO  c.example.demo.DemoApplicationTests - No active profile set, falling back to default profiles: default
ROLLING: [2019-07-31 11:30:25:4536][main] INFO  c.example.demo.DemoApplicationTests - Started DemoApplicationTests in 3.713 seconds (JVM running for 5.093)
ROLLING: [2019-07-31 11:36:26:1248][main] INFO  c.example.demo.DemoApplicationTests - Starting DemoApplicationTests on DESKTOP-0O2V5C8 with PID 16724 (started by KSH_N01 in C:\Users\KSH_N01\Desktop\demo)
ROLLING: [2019-07-31 11:36:26:1252][main] DEBUG c.example.demo.DemoApplicationTests - Running with Spring Boot v2.1.6.RELEASE, Spring v5.1.8.RELEASE
ROLLING: [2019-07-31 11:36:26:1253][main] INFO  c.example.demo.DemoApplicationTests - No active profile set, falling back to default profiles: default
ROLLING: [2019-07-31 11:36:29:4525][main] INFO  c.example.demo.DemoApplicationTests - Started DemoApplicationTests in 3.805 seconds (JVM running for 5.093)
ROLLING: [2019-07-31 11:39:35:1349][main] INFO  c.example.demo.DemoApplicationTests - Starting DemoApplicationTests on DESKTOP-0O2V5C8 with PID 6164 (started by KSH_N01 in C:\Users\KSH_N01\Desktop\demo)
ROLLING: [2019-07-31 11:39:35:1351][main] DEBUG c.example.demo.DemoApplicationTests - Running with Spring Boot v2.1.6.RELEASE, Spring v5.1.8.RELEASE
ROLLING: [2019-07-31 11:39:35:1353][main] INFO  c.example.demo.DemoApplicationTests - No active profile set, falling back to default profiles: default
ROLLING: [2019-07-31 11:39:39:5318][main] INFO  c.example.demo.DemoApplicationTests - Started DemoApplicationTests in 4.622 seconds (JVM running for 5.789)
ROLLING: [2019-07-31 11:49:21:560][main] INFO  com.example.demo.DemoApplication - Starting DemoApplication on DESKTOP-0O2V5C8 with PID 3688 (C:\Users\KSH_N01\Desktop\demo\target\classes started by KSH_N01 in C:\Users\KSH_N01\Desktop\demo)
ROLLING: [2019-07-31 11:49:21:564][main] DEBUG com.example.demo.DemoApplication - Running with Spring Boot v2.1.6.RELEASE, Spring v5.1.8.RELEASE
ROLLING: [2019-07-31 11:49:21:564][main] INFO  com.example.demo.DemoApplication - No active profile set, falling back to default profiles: default
ROLLING: [2019-07-31 11:49:28:528][main] INFO  com.example.demo.DemoApplication - Starting DemoApplication on DESKTOP-0O2V5C8 with PID 11700 (C:\Users\KSH_N01\Desktop\demo\target\classes started by KSH_N01 in C:\Users\KSH_N01\Desktop\demo)
ROLLING: [2019-07-31 11:49:28:530][main] DEBUG com.example.demo.DemoApplication - Running with Spring Boot v2.1.6.RELEASE, Spring v5.1.8.RELEASE
ROLLING: [2019-07-31 11:49:28:531][main] INFO  com.example.demo.DemoApplication - No active profile set, falling back to default profiles: default
ROLLING: [2019-07-31 11:49:30:2573][main] INFO  com.example.demo.DemoApplication - Started DemoApplication in 2.449 seconds (JVM running for 4.492)
ROLLING: [2019-07-31 11:49:35:7532][http-nio-8888-exec-1] DEBUG c.e.d.b.m.BoardMapper.boardList - ==>  Preparing: SELECT * FROM BOARD 
ROLLING: [2019-07-31 11:49:35:7561][http-nio-8888-exec-1] DEBUG c.e.d.b.m.BoardMapper.boardList - ==> Parameters: 
ROLLING: [2019-07-31 11:49:35:7599][http-nio-8888-exec-1] DEBUG c.e.d.b.m.BoardMapper.boardList - <==      Total: 21
ROLLING: [2019-07-31 11:50:20:547][main] INFO  com.example.demo.DemoApplication - Starting DemoApplication on DESKTOP-0O2V5C8 with PID 7024 (C:\Users\KSH_N01\Desktop\demo\target\classes started by KSH_N01 in C:\Users\KSH_N01\Desktop\demo)
ROLLING: [2019-07-31 11:50:20:549][main] DEBUG com.example.demo.DemoApplication - Running with Spring Boot v2.1.6.RELEASE, Spring v5.1.8.RELEASE
ROLLING: [2019-07-31 11:50:20:550][main] INFO  com.example.demo.DemoApplication - No active profile set, falling back to default profiles: default
ROLLING: [2019-07-31 11:50:22:2608][main] INFO  com.example.demo.DemoApplication - Started DemoApplication in 2.474 seconds (JVM running for 4.537)
ROLLING: [2019-07-31 11:50:28:8701][http-nio-8888-exec-1] DEBUG c.e.d.b.m.BoardMapper.boardList - ==>  Preparing: SELECT * FROM BOARD 
ROLLING: [2019-07-31 11:50:28:8729][http-nio-8888-exec-1] DEBUG c.e.d.b.m.BoardMapper.boardList - ==> Parameters: 
ROLLING: [2019-07-31 11:50:28:8762][http-nio-8888-exec-1] DEBUG c.e.d.b.m.BoardMapper.boardList - <==      Total: 21
ROLLING: [2019-07-31 11:50:31:11792][http-nio-8888-exec-3] DEBUG c.e.d.b.m.BoardMapper.boardList - ==>  Preparing: SELECT * FROM BOARD 
ROLLING: [2019-07-31 11:50:31:11793][http-nio-8888-exec-3] DEBUG c.e.d.b.m.BoardMapper.boardList - ==> Parameters: 
ROLLING: [2019-07-31 11:50:31:11799][http-nio-8888-exec-3] DEBUG c.e.d.b.m.BoardMapper.boardList - <==      Total: 21
ROLLING: [2019-07-31 12:13:38:1398155][http-nio-8888-exec-7] DEBUG c.e.d.b.m.BoardMapper.boardList - ==>  Preparing: SELECT * FROM BOARD 
ROLLING: [2019-07-31 12:13:38:1398160][http-nio-8888-exec-7] DEBUG c.e.d.b.m.BoardMapper.boardList - ==> Parameters: 
ROLLING: [2019-07-31 12:13:38:1398169][http-nio-8888-exec-7] DEBUG c.e.d.b.m.BoardMapper.boardList - <==      Total: 21
ROLLING: [2019-07-31 12:18:27:536][main] INFO  com.example.demo.DemoApplication - Starting DemoApplication on DESKTOP-0O2V5C8 with PID 4776 (C:\Users\KSH_N01\Desktop\demo\target\classes started by KSH_N01 in C:\Users\KSH_N01\Desktop\demo)
ROLLING: [2019-07-31 12:18:27:539][main] DEBUG com.example.demo.DemoApplication - Running with Spring Boot v2.1.6.RELEASE, Spring v5.1.8.RELEASE
ROLLING: [2019-07-31 12:18:27:540][main] INFO  com.example.demo.DemoApplication - No active profile set, falling back to default profiles: default
ROLLING: [2019-07-31 12:18:39:542][main] INFO  com.example.demo.DemoApplication - Starting DemoApplication on DESKTOP-0O2V5C8 with PID 13576 (C:\Users\KSH_N01\Desktop\demo\target\classes started by KSH_N01 in C:\Users\KSH_N01\Desktop\demo)
ROLLING: [2019-07-31 12:18:39:545][main] DEBUG com.example.demo.DemoApplication - Running with Spring Boot v2.1.6.RELEASE, Spring v5.1.8.RELEASE
ROLLING: [2019-07-31 12:18:39:545][main] INFO  com.example.demo.DemoApplication - No active profile set, falling back to default profiles: default
ROLLING: [2019-07-31 13:33:19:631][main] INFO  com.example.demo.DemoApplication - Starting DemoApplication on DESKTOP-0O2V5C8 with PID 14396 (C:\Users\KSH_N01\Desktop\demo\target\classes started by KSH_N01 in C:\Users\KSH_N01\Desktop\demo)
ROLLING: [2019-07-31 13:33:19:634][main] DEBUG com.example.demo.DemoApplication - Running with Spring Boot v2.1.6.RELEASE, Spring v5.1.8.RELEASE
ROLLING: [2019-07-31 13:33:19:634][main] INFO  com.example.demo.DemoApplication - No active profile set, falling back to default profiles: default
ROLLING: [2019-07-31 13:33:21:2783][main] INFO  com.example.demo.DemoApplication - Started DemoApplication in 2.633 seconds (JVM running for 4.797)
ROLLING: [2019-07-31 13:33:25:6738][http-nio-8888-exec-1] DEBUG c.e.d.b.m.BoardMapper.boardList - ==>  Preparing: SELECT * FROM BOARD 
ROLLING: [2019-07-31 13:33:25:6768][http-nio-8888-exec-1] DEBUG c.e.d.b.m.BoardMapper.boardList - ==> Parameters: 
ROLLING: [2019-07-31 13:33:25:6811][http-nio-8888-exec-1] DEBUG c.e.d.b.m.BoardMapper.boardList - <==      Total: 21
ROLLING: [2019-07-31 13:39:29:371437][http-nio-8888-exec-5] DEBUG c.e.d.b.m.BoardMapper.boardList - ==>  Preparing: SELECT * FROM BOARD 
ROLLING: [2019-07-31 13:39:29:371439][http-nio-8888-exec-5] DEBUG c.e.d.b.m.BoardMapper.boardList - ==> Parameters: 
ROLLING: [2019-07-31 13:39:29:371447][http-nio-8888-exec-5] DEBUG c.e.d.b.m.BoardMapper.boardList - <==      Total: 21
ROLLING: [2019-07-31 13:49:31:610][main] INFO  com.example.demo.DemoApplication - Starting DemoApplication on DESKTOP-0O2V5C8 with PID 15368 (C:\Users\KSH_N01\Desktop\demo\target\classes started by KSH_N01 in C:\Users\KSH_N01\Desktop\demo)
ROLLING: [2019-07-31 13:49:31:612][main] DEBUG com.example.demo.DemoApplication - Running with Spring Boot v2.1.6.RELEASE, Spring v5.1.8.RELEASE
ROLLING: [2019-07-31 13:49:31:613][main] INFO  com.example.demo.DemoApplication - No active profile set, falling back to default profiles: default
ROLLING: [2019-07-31 13:49:33:2776][main] INFO  com.example.demo.DemoApplication - Started DemoApplication in 2.63 seconds (JVM running for 4.73)
ROLLING: [2019-07-31 13:49:33:2779][main] DEBUG com.example.demo.DemoApplication - debug
ROLLING: [2019-07-31 13:49:33:2779][main] INFO  com.example.demo.DemoApplication - info
ROLLING: [2019-07-31 13:49:33:2780][main] WARN  com.example.demo.DemoApplication - warn
ROLLING: [2019-07-31 13:49:33:2780][main] ERROR com.example.demo.DemoApplication - error
ROLLING: [2019-07-31 13:50:30:540][main] INFO  com.example.demo.DemoApplication - Starting DemoApplication on DESKTOP-0O2V5C8 with PID 4024 (C:\Users\KSH_N01\Desktop\demo\target\classes started by KSH_N01 in C:\Users\KSH_N01\Desktop\demo)
ROLLING: [2019-07-31 13:50:30:543][main] DEBUG com.example.demo.DemoApplication - Running with Spring Boot v2.1.6.RELEASE, Spring v5.1.8.RELEASE
ROLLING: [2019-07-31 13:50:30:543][main] INFO  com.example.demo.DemoApplication - No active profile set, falling back to default profiles: default
ROLLING: [2019-07-31 13:50:32:2602][main] INFO  com.example.demo.DemoApplication - Started DemoApplication in 2.475 seconds (JVM running for 4.537)
ROLLING: [2019-07-31 13:50:32:2605][main] DEBUG com.example.demo.DemoApplication - debug
ROLLING: [2019-07-31 13:50:32:2605][main] INFO  com.example.demo.DemoApplication - info
ROLLING: [2019-07-31 13:50:32:2605][main] WARN  com.example.demo.DemoApplication - warn
ROLLING: [2019-07-31 13:50:32:2606][main] ERROR com.example.demo.DemoApplication - error
ROLLING: [2019-07-31 13:51:42:533][main] INFO  com.example.demo.DemoApplication - Starting DemoApplication on DESKTOP-0O2V5C8 with PID 15920 (C:\Users\KSH_N01\Desktop\demo\target\classes started by KSH_N01 in C:\Users\KSH_N01\Desktop\demo)
ROLLING: [2019-07-31 13:51:42:535][main] DEBUG com.example.demo.DemoApplication - Running with Spring Boot v2.1.6.RELEASE, Spring v5.1.8.RELEASE
ROLLING: [2019-07-31 13:51:42:536][main] INFO  com.example.demo.DemoApplication - No active profile set, falling back to default profiles: default
ROLLING: [2019-07-31 13:51:44:2561][main] INFO  com.example.demo.DemoApplication - Started DemoApplication in 2.438 seconds (JVM running for 4.466)
ROLLING: [2019-07-31 13:51:44:2564][main] DEBUG com.example.demo.DemoApplication - debug
ROLLING: [2019-07-31 13:51:44:2564][main] INFO  com.example.demo.DemoApplication - this is an info
ROLLING: [2019-07-31 13:51:44:2564][main] WARN  com.example.demo.DemoApplication - warn
ROLLING: [2019-07-31 13:51:44:2564][main] ERROR com.example.demo.DemoApplication - this is an error
ROLLING: [2019-07-31 14:00:23:540][main] INFO  com.example.demo.DemoApplication - Starting DemoApplication on DESKTOP-0O2V5C8 with PID 9432 (C:\Users\KSH_N01\Desktop\demo\target\classes started by KSH_N01 in C:\Users\KSH_N01\Desktop\demo)
ROLLING: [2019-07-31 14:00:23:542][main] DEBUG com.example.demo.DemoApplication - Running with Spring Boot v2.1.6.RELEASE, Spring v5.1.8.RELEASE
ROLLING: [2019-07-31 14:00:23:543][main] INFO  com.example.demo.DemoApplication - No active profile set, falling back to default profiles: default
ROLLING: [2019-07-31 14:00:25:2586][main] INFO  com.example.demo.DemoApplication - Started DemoApplication in 2.455 seconds (JVM running for 4.509)
ROLLING: [2019-07-31 14:08:06:582][main] INFO  com.example.demo.DemoApplication - Starting DemoApplication on DESKTOP-0O2V5C8 with PID 10812 (C:\Users\KSH_N01\Desktop\demo\target\classes started by KSH_N01 in C:\Users\KSH_N01\Desktop\demo)
ROLLING: [2019-07-31 14:08:06:585][main] DEBUG com.example.demo.DemoApplication - Running with Spring Boot v2.1.6.RELEASE, Spring v5.1.8.RELEASE
ROLLING: [2019-07-31 14:08:06:585][main] INFO  com.example.demo.DemoApplication - The following profiles are active: virtual
ROLLING: [2019-07-31 14:08:08:2680][main] INFO  com.example.demo.DemoApplication - Started DemoApplication in 2.543 seconds (JVM running for 4.62)
ROLLING: [2019-07-31 14:08:19:13654][http-nio-8888-exec-2] DEBUG c.e.d.b.m.BoardMapper.boardList - ==>  Preparing: SELECT * FROM BOARD 
ROLLING: [2019-07-31 14:08:19:13682][http-nio-8888-exec-2] DEBUG c.e.d.b.m.BoardMapper.boardList - ==> Parameters: 
ROLLING: [2019-07-31 14:08:19:13709][http-nio-8888-exec-2] DEBUG c.e.d.b.m.BoardMapper.boardList - <==      Total: 1
ROLLING: [2019-07-31 14:09:17:673][main] INFO  com.example.demo.DemoApplication - Starting DemoApplication on DESKTOP-0O2V5C8 with PID 4288 (C:\Users\KSH_N01\Desktop\demo\target\classes started by KSH_N01 in C:\Users\KSH_N01\Desktop\demo)
ROLLING: [2019-07-31 14:09:17:675][main] DEBUG com.example.demo.DemoApplication - Running with Spring Boot v2.1.6.RELEASE, Spring v5.1.8.RELEASE
ROLLING: [2019-07-31 14:09:17:676][main] INFO  com.example.demo.DemoApplication - The following profiles are active: virtual
ROLLING: [2019-07-31 14:09:19:2759][main] INFO  com.example.demo.DemoApplication - Started DemoApplication in 2.608 seconds (JVM running for 4.928)
ROLLING: [2019-07-31 14:09:24:7169][http-nio-8888-exec-1] DEBUG c.e.d.b.m.BoardMapper.boardList - ==>  Preparing: SELECT * FROM BOARD 
ROLLING: [2019-07-31 14:09:24:7199][http-nio-8888-exec-1] DEBUG c.e.d.b.m.BoardMapper.boardList - ==> Parameters: 
ROLLING: [2019-07-31 14:09:24:7233][http-nio-8888-exec-1] DEBUG c.e.d.b.m.BoardMapper.boardList - <==      Total: 1
ROLLING: [2019-07-31 14:09:25:8559][http-nio-8888-exec-3] DEBUG c.e.d.b.m.BoardMapper.boardList - ==>  Preparing: SELECT * FROM BOARD 
ROLLING: [2019-07-31 14:09:25:8561][http-nio-8888-exec-3] DEBUG c.e.d.b.m.BoardMapper.boardList - ==> Parameters: 
ROLLING: [2019-07-31 14:09:25:8565][http-nio-8888-exec-3] DEBUG c.e.d.b.m.BoardMapper.boardList - <==      Total: 1
ROLLING: [2019-07-31 14:09:26:9837][http-nio-8888-exec-5] DEBUG c.e.d.b.m.BoardMapper.boardList - ==>  Preparing: SELECT * FROM BOARD 
ROLLING: [2019-07-31 14:09:26:9840][http-nio-8888-exec-5] DEBUG c.e.d.b.m.BoardMapper.boardList - ==> Parameters: 
ROLLING: [2019-07-31 14:09:26:9844][http-nio-8888-exec-5] DEBUG c.e.d.b.m.BoardMapper.boardList - <==      Total: 1
ROLLING: [2019-07-31 14:09:54:567][main] INFO  com.example.demo.DemoApplication - Starting DemoApplication on DESKTOP-0O2V5C8 with PID 18280 (C:\Users\KSH_N01\Desktop\demo\target\classes started by KSH_N01 in C:\Users\KSH_N01\Desktop\demo)
ROLLING: [2019-07-31 14:09:54:569][main] DEBUG com.example.demo.DemoApplication - Running with Spring Boot v2.1.6.RELEASE, Spring v5.1.8.RELEASE
ROLLING: [2019-07-31 14:09:54:569][main] INFO  com.example.demo.DemoApplication - The following profiles are active: virtual
ROLLING: [2019-07-31 14:09:56:2576][main] INFO  com.example.demo.DemoApplication - Started DemoApplication in 2.452 seconds (JVM running for 4.496)
ROLLING: [2019-07-31 14:10:02:9225][http-nio-8888-exec-1] DEBUG c.e.d.b.m.BoardMapper.boardList - ==>  Preparing: SELECT * FROM BOARD 
ROLLING: [2019-07-31 14:10:03:9252][http-nio-8888-exec-1] DEBUG c.e.d.b.m.BoardMapper.boardList - ==> Parameters: 
ROLLING: [2019-07-31 14:10:03:9291][http-nio-8888-exec-1] DEBUG c.e.d.b.m.BoardMapper.boardList - <==      Total: 21
ROLLING: [2019-07-31 14:10:54:566][main] INFO  com.example.demo.DemoApplication - Starting DemoApplication on DESKTOP-0O2V5C8 with PID 14236 (C:\Users\KSH_N01\Desktop\demo\target\classes started by KSH_N01 in C:\Users\KSH_N01\Desktop\demo)
ROLLING: [2019-07-31 14:10:54:568][main] DEBUG com.example.demo.DemoApplication - Running with Spring Boot v2.1.6.RELEASE, Spring v5.1.8.RELEASE
ROLLING: [2019-07-31 14:10:54:569][main] INFO  com.example.demo.DemoApplication - No active profile set, falling back to default profiles: default
ROLLING: [2019-07-31 14:10:56:2626][main] INFO  com.example.demo.DemoApplication - Started DemoApplication in 2.494 seconds (JVM running for 4.53)
ROLLING: [2019-07-31 14:11:00:6889][http-nio-8888-exec-1] DEBUG c.e.d.b.m.BoardMapper.boardList - ==>  Preparing: SELECT * FROM BOARD 
ROLLING: [2019-07-31 14:11:00:6919][http-nio-8888-exec-1] DEBUG c.e.d.b.m.BoardMapper.boardList - ==> Parameters: 
ROLLING: [2019-07-31 14:11:00:6960][http-nio-8888-exec-1] DEBUG c.e.d.b.m.BoardMapper.boardList - <==      Total: 21
ROLLING: [2019-07-31 14:15:27:587][main] INFO  com.example.demo.DemoApplication - Starting DemoApplication on DESKTOP-0O2V5C8 with PID 16728 (C:\Users\KSH_N01\Desktop\demo\target\classes started by KSH_N01 in C:\Users\KSH_N01\Desktop\demo)
ROLLING: [2019-07-31 14:15:27:589][main] DEBUG com.example.demo.DemoApplication - Running with Spring Boot v2.1.6.RELEASE, Spring v5.1.8.RELEASE
ROLLING: [2019-07-31 14:15:27:589][main] INFO  com.example.demo.DemoApplication - The following profiles are active: local
ROLLING: [2019-07-31 14:15:29:2674][main] INFO  com.example.demo.DemoApplication - Started DemoApplication in 2.538 seconds (JVM running for 4.613)
ROLLING: [2019-07-31 14:15:32:5438][http-nio-8888-exec-1] DEBUG c.e.d.b.m.BoardMapper.boardList - ==>  Preparing: SELECT * FROM BOARD 
ROLLING: [2019-07-31 14:15:32:5471][http-nio-8888-exec-1] DEBUG c.e.d.b.m.BoardMapper.boardList - ==> Parameters: 
ROLLING: [2019-07-31 14:15:32:5507][http-nio-8888-exec-1] DEBUG c.e.d.b.m.BoardMapper.boardList - <==      Total: 21
ROLLING: [2019-07-31 14:15:51:592][main] INFO  com.example.demo.DemoApplication - Starting DemoApplication on DESKTOP-0O2V5C8 with PID 11668 (C:\Users\KSH_N01\Desktop\demo\target\classes started by KSH_N01 in C:\Users\KSH_N01\Desktop\demo)
ROLLING: [2019-07-31 14:15:51:595][main] DEBUG com.example.demo.DemoApplication - Running with Spring Boot v2.1.6.RELEASE, Spring v5.1.8.RELEASE
ROLLING: [2019-07-31 14:15:51:595][main] INFO  com.example.demo.DemoApplication - The following profiles are active: virtual
ROLLING: [2019-07-31 14:15:53:2669][main] INFO  com.example.demo.DemoApplication - Started DemoApplication in 2.539 seconds (JVM running for 4.604)
ROLLING: [2019-07-31 14:15:55:4868][http-nio-8888-exec-1] DEBUG c.e.d.b.m.BoardMapper.boardList - ==>  Preparing: SELECT * FROM BOARD 
ROLLING: [2019-07-31 14:15:55:4896][http-nio-8888-exec-1] DEBUG c.e.d.b.m.BoardMapper.boardList - ==> Parameters: 
ROLLING: [2019-07-31 14:15:55:4920][http-nio-8888-exec-1] DEBUG c.e.d.b.m.BoardMapper.boardList - <==      Total: 1
ROLLING: [2019-07-31 14:16:20:578][main] INFO  com.example.demo.DemoApplication - Starting DemoApplication on DESKTOP-0O2V5C8 with PID 3588 (C:\Users\KSH_N01\Desktop\demo\target\classes started by KSH_N01 in C:\Users\KSH_N01\Desktop\demo)
ROLLING: [2019-07-31 14:16:20:581][main] DEBUG com.example.demo.DemoApplication - Running with Spring Boot v2.1.6.RELEASE, Spring v5.1.8.RELEASE
ROLLING: [2019-07-31 14:16:20:581][main] INFO  com.example.demo.DemoApplication - The following profiles are active: virtual
ROLLING: [2019-07-31 14:16:22:2632][main] INFO  com.example.demo.DemoApplication - Started DemoApplication in 2.504 seconds (JVM running for 4.58)
ROLLING: [2019-07-31 14:16:25:5429][http-nio-8888-exec-1] DEBUG c.e.d.b.m.BoardMapper.boardList - ==>  Preparing: SELECT * FROM BOARD 
ROLLING: [2019-07-31 14:16:25:5462][http-nio-8888-exec-1] DEBUG c.e.d.b.m.BoardMapper.boardList - ==> Parameters: 
ROLLING: [2019-07-31 14:16:25:5505][http-nio-8888-exec-1] DEBUG c.e.d.b.m.BoardMapper.boardList - <==      Total: 21
ROLLING: [2019-07-31 14:16:50:580][main] INFO  com.example.demo.DemoApplication - Starting DemoApplication on DESKTOP-0O2V5C8 with PID 4236 (C:\Users\KSH_N01\Desktop\demo\target\classes started by KSH_N01 in C:\Users\KSH_N01\Desktop\demo)
ROLLING: [2019-07-31 14:16:50:582][main] DEBUG com.example.demo.DemoApplication - Running with Spring Boot v2.1.6.RELEASE, Spring v5.1.8.RELEASE
ROLLING: [2019-07-31 14:16:50:583][main] INFO  com.example.demo.DemoApplication - The following profiles are active: default
ROLLING: [2019-07-31 14:16:52:2653][main] INFO  com.example.demo.DemoApplication - Started DemoApplication in 2.522 seconds (JVM running for 4.567)
ROLLING: [2019-07-31 14:16:55:4851][http-nio-8888-exec-1] DEBUG c.e.d.b.m.BoardMapper.boardList - ==>  Preparing: SELECT * FROM BOARD 
ROLLING: [2019-07-31 14:16:55:4879][http-nio-8888-exec-1] DEBUG c.e.d.b.m.BoardMapper.boardList - ==> Parameters: 
ROLLING: [2019-07-31 14:16:55:4911][http-nio-8888-exec-1] DEBUG c.e.d.b.m.BoardMapper.boardList - <==      Total: 21
ROLLING: [2019-07-31 14:17:17:544][main] INFO  com.example.demo.DemoApplication - Starting DemoApplication on DESKTOP-0O2V5C8 with PID 17996 (C:\Users\KSH_N01\Desktop\demo\target\classes started by KSH_N01 in C:\Users\KSH_N01\Desktop\demo)
ROLLING: [2019-07-31 14:17:17:546][main] DEBUG com.example.demo.DemoApplication - Running with Spring Boot v2.1.6.RELEASE, Spring v5.1.8.RELEASE
ROLLING: [2019-07-31 14:17:17:547][main] INFO  com.example.demo.DemoApplication - The following profiles are active: default
ROLLING: [2019-07-31 14:17:19:2562][main] INFO  com.example.demo.DemoApplication - Started DemoApplication in 2.442 seconds (JVM running for 4.498)
ROLLING: [2019-07-31 14:17:22:5797][http-nio-8888-exec-1] DEBUG c.e.d.b.m.BoardMapper.boardList - ==>  Preparing: SELECT * FROM BOARD 
ROLLING: [2019-07-31 14:17:22:5827][http-nio-8888-exec-1] DEBUG c.e.d.b.m.BoardMapper.boardList - ==> Parameters: 
ROLLING: [2019-07-31 14:17:22:5859][http-nio-8888-exec-1] DEBUG c.e.d.b.m.BoardMapper.boardList - <==      Total: 21
ROLLING: [2019-07-31 14:17:43:659][main] INFO  com.example.demo.DemoApplication - Starting DemoApplication on DESKTOP-0O2V5C8 with PID 16272 (C:\Users\KSH_N01\Desktop\demo\target\classes started by KSH_N01 in C:\Users\KSH_N01\Desktop\demo)
ROLLING: [2019-07-31 14:17:43:662][main] DEBUG com.example.demo.DemoApplication - Running with Spring Boot v2.1.6.RELEASE, Spring v5.1.8.RELEASE
ROLLING: [2019-07-31 14:17:43:662][main] INFO  com.example.demo.DemoApplication - The following profiles are active: virtual
ROLLING: [2019-07-31 14:17:45:2803][main] INFO  com.example.demo.DemoApplication - Started DemoApplication in 2.654 seconds (JVM running for 4.957)
ROLLING: [2019-07-31 14:17:48:5519][http-nio-8888-exec-1] DEBUG c.e.d.b.m.BoardMapper.boardList - ==>  Preparing: SELECT * FROM BOARD 
ROLLING: [2019-07-31 14:17:48:5547][http-nio-8888-exec-1] DEBUG c.e.d.b.m.BoardMapper.boardList - ==> Parameters: 
ROLLING: [2019-07-31 14:17:48:5574][http-nio-8888-exec-1] DEBUG c.e.d.b.m.BoardMapper.boardList - <==      Total: 1
ROLLING: [2019-07-31 14:20:31:662][main] INFO  com.example.demo.DemoApplication - Starting DemoApplication on DESKTOP-0O2V5C8 with PID 3220 (C:\Users\KSH_N01\Desktop\demo\target\classes started by KSH_N01 in C:\Users\KSH_N01\Desktop\demo)
ROLLING: [2019-07-31 14:20:31:710][main] DEBUG com.example.demo.DemoApplication - Running with Spring Boot v2.1.6.RELEASE, Spring v5.1.8.RELEASE
ROLLING: [2019-07-31 14:20:31:710][main] INFO  com.example.demo.DemoApplication - The following profiles are active: local,virtual
ROLLING: [2019-07-31 14:20:33:2791][main] INFO  com.example.demo.DemoApplication - Started DemoApplication in 2.641 seconds (JVM running for 4.769)
ROLLING: [2019-07-31 14:20:37:6468][http-nio-8888-exec-1] DEBUG c.e.d.b.m.BoardMapper.boardList - ==>  Preparing: SELECT * FROM BOARD 
ROLLING: [2019-07-31 14:20:37:6496][http-nio-8888-exec-1] DEBUG c.e.d.b.m.BoardMapper.boardList - ==> Parameters: 
ROLLING: [2019-07-31 14:20:37:6526][http-nio-8888-exec-1] DEBUG c.e.d.b.m.BoardMapper.boardList - <==      Total: 1
ROLLING: [2019-07-31 14:21:21:559][main] INFO  com.example.demo.DemoApplication - Starting DemoApplication on DESKTOP-0O2V5C8 with PID 15948 (C:\Users\KSH_N01\Desktop\demo\target\classes started by KSH_N01 in C:\Users\KSH_N01\Desktop\demo)
ROLLING: [2019-07-31 14:21:21:562][main] DEBUG com.example.demo.DemoApplication - Running with Spring Boot v2.1.6.RELEASE, Spring v5.1.8.RELEASE
ROLLING: [2019-07-31 14:21:21:562][main] INFO  com.example.demo.DemoApplication - The following profiles are active: local,virtual
ROLLING: [2019-07-31 14:21:23:2618][main] INFO  com.example.demo.DemoApplication - Started DemoApplication in 2.497 seconds (JVM running for 4.602)
ROLLING: [2019-07-31 14:21:26:5763][http-nio-8888-exec-1] DEBUG c.e.d.b.m.BoardMapper.boardList - ==>  Preparing: SELECT * FROM BOARD 
ROLLING: [2019-07-31 14:21:26:5791][http-nio-8888-exec-1] DEBUG c.e.d.b.m.BoardMapper.boardList - ==> Parameters: 
ROLLING: [2019-07-31 14:21:26:5824][http-nio-8888-exec-1] DEBUG c.e.d.b.m.BoardMapper.boardList - <==      Total: 21
ROLLING: [2019-07-31 14:24:21:577][main] INFO  com.example.demo.DemoApplication - Starting DemoApplication on DESKTOP-0O2V5C8 with PID 17864 (C:\Users\KSH_N01\Desktop\demo\target\classes started by KSH_N01 in C:\Users\KSH_N01\Desktop\demo)
ROLLING: [2019-07-31 14:24:21:580][main] DEBUG com.example.demo.DemoApplication - Running with Spring Boot v2.1.6.RELEASE, Spring v5.1.8.RELEASE
ROLLING: [2019-07-31 14:24:21:580][main] INFO  com.example.demo.DemoApplication - The following profiles are active: local,virtual
ROLLING: [2019-07-31 14:24:23:2613][main] INFO  com.example.demo.DemoApplication - Started DemoApplication in 2.488 seconds (JVM running for 4.536)
ROLLING: [2019-07-31 14:24:42:21458][http-nio-8888-exec-2] DEBUG c.e.d.b.m.BoardMapper.boardList - ==>  Preparing: SELECT * FROM BOARD 
ROLLING: [2019-07-31 14:24:42:21497][http-nio-8888-exec-2] DEBUG c.e.d.b.m.BoardMapper.boardList - ==> Parameters: 
ROLLING: [2019-07-31 14:24:42:21533][http-nio-8888-exec-2] DEBUG c.e.d.b.m.BoardMapper.boardList - <==      Total: 1
ROLLING: [2019-07-31 14:33:01:520597][http-nio-8888-exec-5] DEBUG c.e.d.b.m.BoardMapper.boardList - ==>  Preparing: SELECT * FROM BOARD 
ROLLING: [2019-07-31 14:33:01:520606][http-nio-8888-exec-5] DEBUG c.e.d.b.m.BoardMapper.boardList - ==> Parameters: 
ROLLING: [2019-07-31 14:33:01:520612][http-nio-8888-exec-5] DEBUG c.e.d.b.m.BoardMapper.boardList - <==      Total: 1
ROLLING: [2019-07-31 14:33:07:526533][http-nio-8888-exec-7] DEBUG c.e.d.b.m.BoardMapper.boardList - ==>  Preparing: SELECT * FROM BOARD 
ROLLING: [2019-07-31 14:33:07:526535][http-nio-8888-exec-7] DEBUG c.e.d.b.m.BoardMapper.boardList - ==> Parameters: 
ROLLING: [2019-07-31 14:33:07:526539][http-nio-8888-exec-7] DEBUG c.e.d.b.m.BoardMapper.boardList - <==      Total: 1
ROLLING: [2019-07-31 14:33:09:528376][http-nio-8888-exec-1] DEBUG c.e.d.b.m.BoardMapper.boardList - ==>  Preparing: SELECT * FROM BOARD 
ROLLING: [2019-07-31 14:33:09:528377][http-nio-8888-exec-1] DEBUG c.e.d.b.m.BoardMapper.boardList - ==> Parameters: 
ROLLING: [2019-07-31 14:33:09:528380][http-nio-8888-exec-1] DEBUG c.e.d.b.m.BoardMapper.boardList - <==      Total: 1
ROLLING: [2019-07-31 14:33:10:529096][http-nio-8888-exec-2] DEBUG c.e.d.b.m.BoardMapper.boardList - ==>  Preparing: SELECT * FROM BOARD 
ROLLING: [2019-07-31 14:33:10:529096][http-nio-8888-exec-2] DEBUG c.e.d.b.m.BoardMapper.boardList - ==> Parameters: 
ROLLING: [2019-07-31 14:33:10:529098][http-nio-8888-exec-2] DEBUG c.e.d.b.m.BoardMapper.boardList - <==      Total: 1
Virtual ROLLING: [2019-07-31
					14:33:39:562][main]
					INFO  com.example.demo.DemoApplication - Starting DemoApplication on DESKTOP-0O2V5C8 with PID 10860 (C:\Users\KSH_N01\Desktop\demo\target\classes started by KSH_N01 in C:\Users\KSH_N01\Desktop\demo)
Virtual ROLLING: [2019-07-31
					14:33:39:565][main]
					DEBUG com.example.demo.DemoApplication - Running with Spring Boot v2.1.6.RELEASE, Spring v5.1.8.RELEASE
Virtual ROLLING: [2019-07-31
					14:33:39:565][main]
					INFO  com.example.demo.DemoApplication - The following profiles are active: local,virtual
Virtual ROLLING: [2019-07-31
					14:33:41:2656][main]
					INFO  com.example.demo.DemoApplication - Started DemoApplication in 2.534 seconds (JVM running for 4.565)
Virtual ROLLING: [2019-07-31
					14:33:59:19762][http-nio-8888-exec-1]
					DEBUG c.e.d.b.m.BoardMapper.boardList - ==>  Preparing: SELECT * FROM BOARD 
Virtual ROLLING: [2019-07-31
					14:33:59:19793][http-nio-8888-exec-1]
					DEBUG c.e.d.b.m.BoardMapper.boardList - ==> Parameters: 
Virtual ROLLING: [2019-07-31
					14:33:59:19829][http-nio-8888-exec-1]
					DEBUG c.e.d.b.m.BoardMapper.boardList - <==      Total: 21
Virtual ROLLING: [2019-07-31
					14:34:05:25759][http-nio-8888-exec-3]
					DEBUG c.e.d.b.m.BoardMapper.boardList - ==>  Preparing: SELECT * FROM BOARD 
Virtual ROLLING: [2019-07-31
					14:34:05:25760][http-nio-8888-exec-3]
					DEBUG c.e.d.b.m.BoardMapper.boardList - ==> Parameters: 
Virtual ROLLING: [2019-07-31
					14:34:05:25765][http-nio-8888-exec-3]
					DEBUG c.e.d.b.m.BoardMapper.boardList - <==      Total: 21
Virtual ROLLING: [2019-07-31
					14:34:06:26846][http-nio-8888-exec-5]
					DEBUG c.e.d.b.m.BoardMapper.boardList - ==>  Preparing: SELECT * FROM BOARD 
Virtual ROLLING: [2019-07-31
					14:34:06:26847][http-nio-8888-exec-5]
					DEBUG c.e.d.b.m.BoardMapper.boardList - ==> Parameters: 
Virtual ROLLING: [2019-07-31
					14:34:06:26852][http-nio-8888-exec-5]
					DEBUG c.e.d.b.m.BoardMapper.boardList - <==      Total: 21
Virtual ROLLING: [2019-07-31
					14:34:07:27924][http-nio-8888-exec-7]
					DEBUG c.e.d.b.m.BoardMapper.boardList - ==>  Preparing: SELECT * FROM BOARD 
Virtual ROLLING: [2019-07-31
					14:34:07:27926][http-nio-8888-exec-7]
					DEBUG c.e.d.b.m.BoardMapper.boardList - ==> Parameters: 
Virtual ROLLING: [2019-07-31
					14:34:07:27930][http-nio-8888-exec-7]
					DEBUG c.e.d.b.m.BoardMapper.boardList - <==      Total: 21
Virtual ROLLING: [2019-07-31
					14:34:07:28647][http-nio-8888-exec-1]
					DEBUG c.e.d.b.m.BoardMapper.boardList - ==>  Preparing: SELECT * FROM BOARD 
Virtual ROLLING: [2019-07-31
					14:34:07:28647][http-nio-8888-exec-1]
					DEBUG c.e.d.b.m.BoardMapper.boardList - ==> Parameters: 
Virtual ROLLING: [2019-07-31
					14:34:07:28651][http-nio-8888-exec-1]
					DEBUG c.e.d.b.m.BoardMapper.boardList - <==      Total: 21
Virtual ROLLING: [2019-07-31
					14:34:08:29558][http-nio-8888-exec-3]
					DEBUG c.e.d.b.m.BoardMapper.boardList - ==>  Preparing: SELECT * FROM BOARD 
Virtual ROLLING: [2019-07-31
					14:34:08:29560][http-nio-8888-exec-3]
					DEBUG c.e.d.b.m.BoardMapper.boardList - ==> Parameters: 
Virtual ROLLING: [2019-07-31
					14:34:08:29563][http-nio-8888-exec-3]
					DEBUG c.e.d.b.m.BoardMapper.boardList - <==      Total: 21
Virtual ROLLING: [2019-07-31
					14:35:06:644][main]
					INFO  com.example.demo.DemoApplication - Starting DemoApplication on DESKTOP-0O2V5C8 with PID 17664 (C:\Users\KSH_N01\Desktop\demo\target\classes started by KSH_N01 in C:\Users\KSH_N01\Desktop\demo)
Virtual ROLLING: [2019-07-31
					14:35:06:646][main]
					DEBUG com.example.demo.DemoApplication - Running with Spring Boot v2.1.6.RELEASE, Spring v5.1.8.RELEASE
Virtual ROLLING: [2019-07-31
					14:35:06:646][main]
					INFO  com.example.demo.DemoApplication - The following profiles are active: local,virtual
Virtual ROLLING: [2019-07-31
					14:35:08:2807][main]
					INFO  com.example.demo.DemoApplication - Started DemoApplication in 2.648 seconds (JVM running for 4.753)
Virtual ROLLING: [2019-07-31
					14:35:14:7988][http-nio-8888-exec-1]
					DEBUG c.e.d.b.m.BoardMapper.boardList - ==>  Preparing: SELECT * FROM BOARD 
Virtual ROLLING: [2019-07-31
					14:35:14:8016][http-nio-8888-exec-1]
					DEBUG c.e.d.b.m.BoardMapper.boardList - ==> Parameters: 
Virtual ROLLING: [2019-07-31
					14:35:14:8042][http-nio-8888-exec-1]
					DEBUG c.e.d.b.m.BoardMapper.boardList - <==      Total: 1
Virtual ROLLING: [2019-07-31
					14:35:16:10643][http-nio-8888-exec-3]
					DEBUG c.e.d.b.m.BoardMapper.boardList - ==>  Preparing: SELECT * FROM BOARD 
Virtual ROLLING: [2019-07-31
					14:35:16:10644][http-nio-8888-exec-3]
					DEBUG c.e.d.b.m.BoardMapper.boardList - ==> Parameters: 
Virtual ROLLING: [2019-07-31
					14:35:16:10648][http-nio-8888-exec-3]
					DEBUG c.e.d.b.m.BoardMapper.boardList - <==      Total: 1
Virtual ROLLING: [2019-07-31
					14:36:15:69778][http-nio-8888-exec-7]
					DEBUG c.e.d.b.m.BoardMapper.boardList - ==>  Preparing: SELECT * FROM BOARD 
Virtual ROLLING: [2019-07-31
					14:36:15:69781][http-nio-8888-exec-7]
					DEBUG c.e.d.b.m.BoardMapper.boardList - ==> Parameters: 
Virtual ROLLING: [2019-07-31
					14:36:15:69784][http-nio-8888-exec-7]
					DEBUG c.e.d.b.m.BoardMapper.boardList - <==      Total: 1
Virtual ROLLING: [2019-07-31
					14:38:36:570][main]
					INFO  com.example.demo.DemoApplication - Starting DemoApplication on DESKTOP-0O2V5C8 with PID 15060 (C:\Users\KSH_N01\Desktop\demo\target\classes started by KSH_N01 in C:\Users\KSH_N01\Desktop\demo)
Virtual ROLLING: [2019-07-31
					14:38:36:572][main]
					DEBUG com.example.demo.DemoApplication - Running with Spring Boot v2.1.6.RELEASE, Spring v5.1.8.RELEASE
Virtual ROLLING: [2019-07-31
					14:38:36:572][main]
					INFO  com.example.demo.DemoApplication - The following profiles are active: local,virtual
Virtual ROLLING: [2019-07-31
					14:38:38:2605][main]
					INFO  com.example.demo.DemoApplication - Started DemoApplication in 2.481 seconds (JVM running for 4.544)
Virtual ROLLING: [2019-07-31
					14:38:44:8873][http-nio-8888-exec-1]
					DEBUG c.e.d.b.m.BoardMapper.boardList - ==>  Preparing: SELECT * FROM BOARD 
Virtual ROLLING: [2019-07-31
					14:38:44:8905][http-nio-8888-exec-1]
					DEBUG c.e.d.b.m.BoardMapper.boardList - ==> Parameters: 
Virtual ROLLING: [2019-07-31
					14:38:44:8938][http-nio-8888-exec-1]
					DEBUG c.e.d.b.m.BoardMapper.boardList - <==      Total: 21
Virtual ROLLING: [2019-07-31
					14:41:38:576][main]
					INFO  com.example.demo.DemoApplication - Starting DemoApplication on DESKTOP-0O2V5C8 with PID 7664 (C:\Users\KSH_N01\Desktop\demo\target\classes started by KSH_N01 in C:\Users\KSH_N01\Desktop\demo)
Virtual ROLLING: [2019-07-31
					14:41:38:578][main]
					DEBUG com.example.demo.DemoApplication - Running with Spring Boot v2.1.6.RELEASE, Spring v5.1.8.RELEASE
Virtual ROLLING: [2019-07-31
					14:41:38:578][main]
					INFO  com.example.demo.DemoApplication - The following profiles are active: local,virtual
Virtual ROLLING: [2019-07-31
					14:41:41:2631][main]
					INFO  com.example.demo.DemoApplication - Started DemoApplication in 2.499 seconds (JVM running for 4.558)
Local ROLLING: [2019-07-31
					14:41:58:571][main]
					INFO  com.example.demo.DemoApplication - Starting DemoApplication on DESKTOP-0O2V5C8 with PID 2272 (C:\Users\KSH_N01\Desktop\demo\target\classes started by KSH_N01 in C:\Users\KSH_N01\Desktop\demo)
Local ROLLING: [2019-07-31
					14:41:58:573][main]
					DEBUG com.example.demo.DemoApplication - Running with Spring Boot v2.1.6.RELEASE, Spring v5.1.8.RELEASE
Local ROLLING: [2019-07-31
					14:41:58:573][main]
					INFO  com.example.demo.DemoApplication - The following profiles are active: local
Local ROLLING: [2019-07-31
					14:42:01:2661][main]
					INFO  com.example.demo.DemoApplication - Started DemoApplication in 2.536 seconds (JVM running for 4.597)
Local ROLLING: [2019-07-31
					14:42:07:9378][http-nio-8888-exec-1]
					DEBUG c.e.d.b.m.BoardMapper.boardList - ==>  Preparing: SELECT * FROM BOARD 
Local ROLLING: [2019-07-31
					14:42:07:9406][http-nio-8888-exec-1]
					DEBUG c.e.d.b.m.BoardMapper.boardList - ==> Parameters: 
Local ROLLING: [2019-07-31
					14:42:07:9438][http-nio-8888-exec-1]
					DEBUG c.e.d.b.m.BoardMapper.boardList - <==      Total: 21
Local ROLLING: [2019-07-31
					14:42:36:558][main]
					INFO  com.example.demo.DemoApplication - Starting DemoApplication on DESKTOP-0O2V5C8 with PID 15164 (C:\Users\KSH_N01\Desktop\demo\target\classes started by KSH_N01 in C:\Users\KSH_N01\Desktop\demo)
Local ROLLING: [2019-07-31
					14:42:36:561][main]
					DEBUG com.example.demo.DemoApplication - Running with Spring Boot v2.1.6.RELEASE, Spring v5.1.8.RELEASE
Local ROLLING: [2019-07-31
					14:42:36:561][main]
					INFO  com.example.demo.DemoApplication - The following profiles are active: local
Local ROLLING: [2019-07-31
					14:42:39:2663][main]
					INFO  com.example.demo.DemoApplication - Started DemoApplication in 2.534 seconds (JVM running for 4.576)
Local ROLLING: [2019-07-31
					14:42:43:6871][http-nio-8888-exec-1]
					DEBUG c.e.d.b.m.BoardMapper.boardList - ==>  Preparing: SELECT * FROM BOARD 
Local ROLLING: [2019-07-31
					14:42:43:6898][http-nio-8888-exec-1]
					DEBUG c.e.d.b.m.BoardMapper.boardList - ==> Parameters: 
Local ROLLING: [2019-07-31
					14:42:43:6930][http-nio-8888-exec-1]
					DEBUG c.e.d.b.m.BoardMapper.boardList - <==      Total: 21
Virtual ROLLING: [2019-07-31
					14:43:08:571][main]
					INFO  com.example.demo.DemoApplication - Starting DemoApplication on DESKTOP-0O2V5C8 with PID 7524 (C:\Users\KSH_N01\Desktop\demo\target\classes started by KSH_N01 in C:\Users\KSH_N01\Desktop\demo)
Virtual ROLLING: [2019-07-31
					14:43:08:573][main]
					DEBUG com.example.demo.DemoApplication - Running with Spring Boot v2.1.6.RELEASE, Spring v5.1.8.RELEASE
Virtual ROLLING: [2019-07-31
					14:43:08:574][main]
					INFO  com.example.demo.DemoApplication - The following profiles are active: local,virtual
Virtual ROLLING: [2019-07-31
					14:43:10:2599][main]
					INFO  com.example.demo.DemoApplication - Started DemoApplication in 2.463 seconds (JVM running for 4.528)
Virtual ROLLING: [2019-07-31
					14:43:13:5588][http-nio-8888-exec-1]
					DEBUG c.e.d.b.m.BoardMapper.boardList - ==>  Preparing: SELECT * FROM BOARD 
Virtual ROLLING: [2019-07-31
					14:43:13:5616][http-nio-8888-exec-1]
					DEBUG c.e.d.b.m.BoardMapper.boardList - ==> Parameters: 
Virtual ROLLING: [2019-07-31
					14:43:13:5649][http-nio-8888-exec-1]
					DEBUG c.e.d.b.m.BoardMapper.boardList - <==      Total: 21
Virtual ROLLING: [2019-07-31
					14:43:51:589][main]
					INFO  com.example.demo.DemoApplication - Starting DemoApplication on DESKTOP-0O2V5C8 with PID 16444 (C:\Users\KSH_N01\Desktop\demo\target\classes started by KSH_N01 in C:\Users\KSH_N01\Desktop\demo)
Virtual ROLLING: [2019-07-31
					14:43:51:592][main]
					DEBUG com.example.demo.DemoApplication - Running with Spring Boot v2.1.6.RELEASE, Spring v5.1.8.RELEASE
Virtual ROLLING: [2019-07-31
					14:43:51:592][main]
					INFO  com.example.demo.DemoApplication - The following profiles are active: local,virtual
Virtual ROLLING: [2019-07-31
					14:43:53:2579][main]
					INFO  com.example.demo.DemoApplication - Started DemoApplication in 2.455 seconds (JVM running for 4.476)
Virtual ROLLING: [2019-07-31
					14:44:01:10806][http-nio-8888-exec-1]
					DEBUG c.e.d.b.m.BoardMapper.boardList - ==>  Preparing: SELECT * FROM BOARD 
Virtual ROLLING: [2019-07-31
					14:44:01:10834][http-nio-8888-exec-1]
					DEBUG c.e.d.b.m.BoardMapper.boardList - ==> Parameters: 
Virtual ROLLING: [2019-07-31
					14:44:01:10868][http-nio-8888-exec-1]
					DEBUG c.e.d.b.m.BoardMapper.boardList - <==      Total: 21
Virtual ROLLING: [2019-07-31
					14:44:17:26575][http-nio-8888-exec-8]
					DEBUG c.e.d.b.m.BoardMapper.boardInsert - ==>  Preparing: INSERT INTO BOARD (BNO, SUBJECT, CONTENT, WRITER, REG_DATE) VALUES(?,?,?,?,now()) 
Virtual ROLLING: [2019-07-31
					14:44:17:26577][http-nio-8888-exec-8]
					DEBUG c.e.d.b.m.BoardMapper.boardInsert - ==> Parameters: 0(Integer), aaww(String), aawa(String), aaww(String)
Virtual ROLLING: [2019-07-31
					14:44:17:26611][http-nio-8888-exec-8]
					DEBUG c.e.d.b.m.BoardMapper.boardInsert - <==    Updates: 1
Virtual ROLLING: [2019-07-31
					14:44:17:26623][http-nio-8888-exec-9]
					DEBUG c.e.d.b.m.BoardMapper.boardList - ==>  Preparing: SELECT * FROM BOARD 
Virtual ROLLING: [2019-07-31
					14:44:17:26623][http-nio-8888-exec-9]
					DEBUG c.e.d.b.m.BoardMapper.boardList - ==> Parameters: 
Virtual ROLLING: [2019-07-31
					14:44:17:26628][http-nio-8888-exec-9]
					DEBUG c.e.d.b.m.BoardMapper.boardList - <==      Total: 22
Virtual ROLLING: [2019-07-31
					14:44:58:582][main]
					INFO  com.example.demo.DemoApplication - Starting DemoApplication on DESKTOP-0O2V5C8 with PID 8600 (C:\Users\KSH_N01\Desktop\demo\target\classes started by KSH_N01 in C:\Users\KSH_N01\Desktop\demo)
Virtual ROLLING: [2019-07-31
					14:44:58:585][main]
					DEBUG com.example.demo.DemoApplication - Running with Spring Boot v2.1.6.RELEASE, Spring v5.1.8.RELEASE
Virtual ROLLING: [2019-07-31
					14:44:58:585][main]
					INFO  com.example.demo.DemoApplication - The following profiles are active: local,virtual
Virtual ROLLING: [2019-07-31
					14:45:00:2644][main]
					INFO  com.example.demo.DemoApplication - Started DemoApplication in 2.51 seconds (JVM running for 4.591)
Virtual ROLLING: [2019-07-31
					14:45:03:5924][http-nio-8888-exec-1]
					DEBUG c.e.d.b.m.BoardMapper.boardList - ==>  Preparing: SELECT * FROM BOARD 
Virtual ROLLING: [2019-07-31
					14:45:03:5952][http-nio-8888-exec-1]
					DEBUG c.e.d.b.m.BoardMapper.boardList - ==> Parameters: 
Virtual ROLLING: [2019-07-31
					14:45:03:5979][http-nio-8888-exec-1]
					DEBUG c.e.d.b.m.BoardMapper.boardList - <==      Total: 1
Virtual ROLLING: [2019-07-31
					14:45:30:32548][http-nio-8888-exec-6]
					DEBUG c.e.d.b.m.BoardMapper.boardInsert - ==>  Preparing: INSERT INTO BOARD (BNO, SUBJECT, CONTENT, WRITER, REG_DATE) VALUES(?,?,?,?,now()) 
Virtual ROLLING: [2019-07-31
					14:45:30:32551][http-nio-8888-exec-6]
					DEBUG c.e.d.b.m.BoardMapper.boardInsert - ==> Parameters: 0(Integer), wqeqwewq(String), wqeqwewqeq(String), wqewqe(String)
Virtual ROLLING: [2019-07-31
					14:45:30:32557][http-nio-8888-exec-6]
					DEBUG c.e.d.b.m.BoardMapper.boardInsert - <==    Updates: 1
Virtual ROLLING: [2019-07-31
					14:45:30:32570][http-nio-8888-exec-7]
					DEBUG c.e.d.b.m.BoardMapper.boardList - ==>  Preparing: SELECT * FROM BOARD 
Virtual ROLLING: [2019-07-31
					14:45:30:32570][http-nio-8888-exec-7]
					DEBUG c.e.d.b.m.BoardMapper.boardList - ==> Parameters: 
Virtual ROLLING: [2019-07-31
					14:45:30:32573][http-nio-8888-exec-7]
					DEBUG c.e.d.b.m.BoardMapper.boardList - <==      Total: 2
ROLLING: [2019-07-31
					14:47:48:682][main]
					INFO  com.example.demo.DemoApplication - Starting DemoApplication on DESKTOP-0O2V5C8 with PID 14920 (C:\Users\KSH_N01\Desktop\demo\target\classes started by KSH_N01 in C:\Users\KSH_N01\Desktop\demo)
ROLLING: [2019-07-31
					14:47:48:685][main]
					DEBUG com.example.demo.DemoApplication - Running with Spring Boot v2.1.6.RELEASE, Spring v5.1.8.RELEASE
ROLLING: [2019-07-31
					14:47:48:685][main]
					INFO  com.example.demo.DemoApplication - The following profiles are active: local,virtual
ROLLING: [2019-07-31
					14:47:50:2726][main]
					INFO  com.example.demo.DemoApplication - Started DemoApplication in 2.587 seconds (JVM running for 4.734)
ROLLING: [2019-07-31 14:48:15:577][main] INFO  com.example.demo.DemoApplication - Starting DemoApplication on DESKTOP-0O2V5C8 with PID 12828 (C:\Users\KSH_N01\Desktop\demo\target\classes started by KSH_N01 in C:\Users\KSH_N01\Desktop\demo)
ROLLING: [2019-07-31 14:48:15:580][main] DEBUG com.example.demo.DemoApplication - Running with Spring Boot v2.1.6.RELEASE, Spring v5.1.8.RELEASE
ROLLING: [2019-07-31 14:48:15:581][main] INFO  com.example.demo.DemoApplication - The following profiles are active: local,virtual
ROLLING: [2019-07-31 14:48:17:2642][main] INFO  com.example.demo.DemoApplication - Started DemoApplication in 2.52 seconds (JVM running for 4.562)
ROLLING: [2019-07-31 15:02:26:852027][http-nio-8888-exec-1] DEBUG c.e.d.b.m.BoardMapper.boardList - ==>  Preparing: SELECT * FROM BOARD 
ROLLING: [2019-07-31 15:02:26:852075][http-nio-8888-exec-1] DEBUG c.e.d.b.m.BoardMapper.boardList - ==> Parameters: 
ROLLING: [2019-07-31 15:02:26:852114][http-nio-8888-exec-1] DEBUG c.e.d.b.m.BoardMapper.boardList - <==      Total: 2
ROLLING: [2019-07-31 15:08:49:665][main] INFO  com.example.demo.DemoApplication - Starting DemoApplication on DESKTOP-0O2V5C8 with PID 9684 (C:\Users\KSH_N01\Desktop\demo\target\classes started by KSH_N01 in C:\Users\KSH_N01\Desktop\demo)
ROLLING: [2019-07-31 15:08:49:667][main] DEBUG com.example.demo.DemoApplication - Running with Spring Boot v2.1.6.RELEASE, Spring v5.1.8.RELEASE
ROLLING: [2019-07-31 15:08:49:668][main] INFO  com.example.demo.DemoApplication - The following profiles are active: local,virtual
ROLLING: [2019-07-31 15:08:51:2731][main] INFO  com.example.demo.DemoApplication - Started DemoApplication in 2.598 seconds (JVM running for 4.683)
ROLLING: [2019-07-31 15:08:54:5884][http-nio-8888-exec-1] DEBUG c.e.d.b.m.BoardMapper.boardList - ==>  Preparing: SELECT * FROM BOARD 
ROLLING: [2019-07-31 15:08:54:5911][http-nio-8888-exec-1] DEBUG c.e.d.b.m.BoardMapper.boardList - ==> Parameters: 
ROLLING: [2019-07-31 15:08:54:5937][http-nio-8888-exec-1] DEBUG c.e.d.b.m.BoardMapper.boardList - <==      Total: 2
ROLLING: [2019-07-31 15:08:58:9647][http-nio-8888-exec-3] DEBUG c.e.d.b.m.BoardMapper.boardList - ==>  Preparing: SELECT * FROM BOARD 
ROLLING: [2019-07-31 15:08:58:9648][http-nio-8888-exec-3] DEBUG c.e.d.b.m.BoardMapper.boardList - ==> Parameters: 
ROLLING: [2019-07-31 15:08:58:9652][http-nio-8888-exec-3] DEBUG c.e.d.b.m.BoardMapper.boardList - <==      Total: 2
ROLLING: [2019-07-31 15:09:32:571][main] INFO  com.example.demo.DemoApplication - Starting DemoApplication on DESKTOP-0O2V5C8 with PID 16884 (C:\Users\KSH_N01\Desktop\demo\target\classes started by KSH_N01 in C:\Users\KSH_N01\Desktop\demo)
ROLLING: [2019-07-31 15:09:32:573][main] DEBUG com.example.demo.DemoApplication - Running with Spring Boot v2.1.6.RELEASE, Spring v5.1.8.RELEASE
ROLLING: [2019-07-31 15:09:32:573][main] INFO  com.example.demo.DemoApplication - The following profiles are active: local,virtual
ROLLING: [2019-07-31 15:09:34:2573][main] INFO  com.example.demo.DemoApplication - Started DemoApplication in 2.447 seconds (JVM running for 4.472)
ROLLING: [2019-07-31 15:09:41:10230][http-nio-8888-exec-1] DEBUG c.e.d.b.m.BoardMapper.boardList - ==>  Preparing: SELECT * FROM BOARD 
ROLLING: [2019-07-31 15:09:41:10257][http-nio-8888-exec-1] DEBUG c.e.d.b.m.BoardMapper.boardList - ==> Parameters: 
ROLLING: [2019-07-31 15:09:41:10283][http-nio-8888-exec-1] DEBUG c.e.d.b.m.BoardMapper.boardList - <==      Total: 2
ROLLING: [2019-07-31 15:10:05:575][main] INFO  com.example.demo.DemoApplication - Starting DemoApplication on DESKTOP-0O2V5C8 with PID 17988 (C:\Users\KSH_N01\Desktop\demo\target\classes started by KSH_N01 in C:\Users\KSH_N01\Desktop\demo)
ROLLING: [2019-07-31 15:10:05:577][main] DEBUG com.example.demo.DemoApplication - Running with Spring Boot v2.1.6.RELEASE, Spring v5.1.8.RELEASE
ROLLING: [2019-07-31 15:10:05:577][main] INFO  com.example.demo.DemoApplication - The following profiles are active: local,virtual
ROLLING: [2019-07-31 15:10:07:2583][main] INFO  com.example.demo.DemoApplication - Started DemoApplication in 2.461 seconds (JVM running for 4.486)
ROLLING: [2019-07-31 15:10:12:7875][http-nio-8888-exec-1] DEBUG c.e.d.b.m.BoardMapper.boardList - ==>  Preparing: SELECT * FROM BOARD 
ROLLING: [2019-07-31 15:10:12:7906][http-nio-8888-exec-1] DEBUG c.e.d.b.m.BoardMapper.boardList - ==> Parameters: 
ROLLING: [2019-07-31 15:10:12:7934][http-nio-8888-exec-1] DEBUG c.e.d.b.m.BoardMapper.boardList - <==      Total: 2
ROLLING: [2019-07-31 15:14:02:583][main] INFO  com.example.demo.DemoApplication - Starting DemoApplication on DESKTOP-0O2V5C8 with PID 8972 (C:\Users\KSH_N01\Desktop\demo\target\classes started by KSH_N01 in C:\Users\KSH_N01\Desktop\demo)
ROLLING: [2019-07-31 15:14:02:631][main] DEBUG com.example.demo.DemoApplication - Running with Spring Boot v2.1.6.RELEASE, Spring v5.1.8.RELEASE
ROLLING: [2019-07-31 15:14:02:631][main] INFO  com.example.demo.DemoApplication - The following profiles are active: local,virtual
ROLLING: [2019-07-31 15:14:04:2632][main] INFO  com.example.demo.DemoApplication - Started DemoApplication in 2.514 seconds (JVM running for 4.491)
ROLLING: [2019-07-31 15:14:27:620][main] INFO  com.example.demo.DemoApplication - Starting DemoApplication on DESKTOP-0O2V5C8 with PID 8156 (C:\Users\KSH_N01\Desktop\demo\target\classes started by KSH_N01 in C:\Users\KSH_N01\Desktop\demo)
ROLLING: [2019-07-31 15:14:27:623][main] DEBUG com.example.demo.DemoApplication - Running with Spring Boot v2.1.6.RELEASE, Spring v5.1.8.RELEASE
ROLLING: [2019-07-31 15:14:27:623][main] INFO  com.example.demo.DemoApplication - The following profiles are active: local,virtual
ROLLING: [2019-07-31 15:14:29:2686][main] INFO  com.example.demo.DemoApplication - Started DemoApplication in 2.556 seconds (JVM running for 4.653)
ROLLING: [2019-07-31 15:15:07:568][main] INFO  com.example.demo.DemoApplication - Starting DemoApplication on DESKTOP-0O2V5C8 with PID 6492 (C:\Users\KSH_N01\Desktop\demo\target\classes started by KSH_N01 in C:\Users\KSH_N01\Desktop\demo)
ROLLING: [2019-07-31 15:15:07:570][main] DEBUG com.example.demo.DemoApplication - Running with Spring Boot v2.1.6.RELEASE, Spring v5.1.8.RELEASE
ROLLING: [2019-07-31 15:15:07:571][main] INFO  com.example.demo.DemoApplication - The following profiles are active: local,virtual
ROLLING: [2019-07-31 15:15:09:2555][main] INFO  com.example.demo.DemoApplication - Started DemoApplication in 2.437 seconds (JVM running for 4.435)
ROLLING: [2019-07-31 15:17:01:578][main] INFO  com.example.demo.DemoApplication - Starting DemoApplication on DESKTOP-0O2V5C8 with PID 7072 (C:\Users\KSH_N01\Desktop\demo\target\classes started by KSH_N01 in C:\Users\KSH_N01\Desktop\demo)
ROLLING: [2019-07-31 15:17:01:580][main] DEBUG com.example.demo.DemoApplication - Running with Spring Boot v2.1.6.RELEASE, Spring v5.1.8.RELEASE
ROLLING: [2019-07-31 15:17:01:580][main] INFO  com.example.demo.DemoApplication - The following profiles are active: local,virtual
ROLLING: [2019-07-31 15:17:03:2586][main] INFO  com.example.demo.DemoApplication - Started DemoApplication in 2.462 seconds (JVM running for 4.716)
ROLLING: [2019-07-31 15:17:09:8383][http-nio-8888-exec-1] DEBUG c.e.d.b.m.BoardMapper.boardList - ==>  Preparing: SELECT * FROM BOARD 
ROLLING: [2019-07-31 15:17:09:8412][http-nio-8888-exec-1] DEBUG c.e.d.b.m.BoardMapper.boardList - ==> Parameters: 
ROLLING: [2019-07-31 15:17:09:8512][http-nio-8888-exec-1] DEBUG c.e.d.b.m.BoardMapper.boardList - <==      Total: 22
ROLLING: [2019-07-31 15:17:18:17040][http-nio-8888-exec-5] DEBUG c.e.d.b.m.BoardMapper.boardInsert - ==>  Preparing: INSERT INTO BOARD (BNO, SUBJECT, CONTENT, WRITER, REG_DATE) VALUES(?,?,?,?,now()) 
ROLLING: [2019-07-31 15:17:18:17042][http-nio-8888-exec-5] DEBUG c.e.d.b.m.BoardMapper.boardInsert - ==> Parameters: 0(Integer), dsadqw(String), ewqe(String), ewqwqewq(String)
ROLLING: [2019-07-31 15:17:18:17084][http-nio-8888-exec-5] DEBUG c.e.d.b.m.BoardMapper.boardInsert - <==    Updates: 1
ROLLING: [2019-07-31 15:17:18:17098][http-nio-8888-exec-6] DEBUG c.e.d.b.m.BoardMapper.boardList - ==>  Preparing: SELECT * FROM BOARD 
ROLLING: [2019-07-31 15:17:18:17098][http-nio-8888-exec-6] DEBUG c.e.d.b.m.BoardMapper.boardList - ==> Parameters: 
ROLLING: [2019-07-31 15:17:18:17105][http-nio-8888-exec-6] DEBUG c.e.d.b.m.BoardMapper.boardList - <==      Total: 23
ROLLING: [2019-07-31 15:29:15:683][main] INFO  com.example.demo.DemoApplication - Starting DemoApplication on DESKTOP-0O2V5C8 with PID 17784 (C:\Users\KSH_N01\Desktop\demo\target\classes started by KSH_N01 in C:\Users\KSH_N01\Desktop\demo)
ROLLING: [2019-07-31 15:29:15:685][main] DEBUG com.example.demo.DemoApplication - Running with Spring Boot v2.1.6.RELEASE, Spring v5.1.8.RELEASE
ROLLING: [2019-07-31 15:29:15:685][main] INFO  com.example.demo.DemoApplication - The following profiles are active: local,virtual
ROLLING: [2019-07-31 15:29:17:2764][main] INFO  com.example.demo.DemoApplication - Started DemoApplication in 2.635 seconds (JVM running for 4.761)
ROLLING: [2019-07-31 15:45:01:566][main] INFO  com.example.demo.DemoApplication - Starting DemoApplication on DESKTOP-0O2V5C8 with PID 10140 (C:\Users\KSH_N01\Desktop\demo\target\classes started by KSH_N01 in C:\Users\KSH_N01\Desktop\demo)
ROLLING: [2019-07-31 15:45:01:569][main] DEBUG com.example.demo.DemoApplication - Running with Spring Boot v2.1.6.RELEASE, Spring v5.1.8.RELEASE
ROLLING: [2019-07-31 15:45:01:569][main] INFO  com.example.demo.DemoApplication - The following profiles are active: local,virtual
ROLLING: [2019-07-31 15:45:03:2578][main] INFO  com.example.demo.DemoApplication - Started DemoApplication in 2.455 seconds (JVM running for 4.485)
ROLLING: [2019-07-31 15:45:09:8412][http-nio-8888-exec-1] DEBUG c.e.d.b.m.BoardMapper.boardList - ==>  Preparing: SELECT * FROM BOARD 
ROLLING: [2019-07-31 15:45:09:8441][http-nio-8888-exec-1] DEBUG c.e.d.b.m.BoardMapper.boardList - ==> Parameters: 
ROLLING: [2019-07-31 15:45:09:8472][http-nio-8888-exec-1] DEBUG c.e.d.b.m.BoardMapper.boardList - <==      Total: 2
ROLLING: [2019-07-31 15:45:57:553][main] INFO  com.example.demo.DemoApplication - Starting DemoApplication on DESKTOP-0O2V5C8 with PID 17548 (C:\Users\KSH_N01\Desktop\demo\target\classes started by KSH_N01 in C:\Users\KSH_N01\Desktop\demo)
ROLLING: [2019-07-31 15:45:57:555][main] DEBUG com.example.demo.DemoApplication - Running with Spring Boot v2.1.6.RELEASE, Spring v5.1.8.RELEASE
ROLLING: [2019-07-31 15:45:57:555][main] INFO  com.example.demo.DemoApplication - The following profiles are active: local,virtual
ROLLING: [2019-07-31 15:45:59:2545][main] INFO  com.example.demo.DemoApplication - Started DemoApplication in 2.423 seconds (JVM running for 4.414)
ROLLING: [2019-07-31 15:46:05:8255][http-nio-8888-exec-1] DEBUG c.e.d.b.m.BoardMapper.boardList - ==>  Preparing: SELECT * FROM BOARD 
ROLLING: [2019-07-31 15:46:05:8283][http-nio-8888-exec-1] DEBUG c.e.d.b.m.BoardMapper.boardList - ==> Parameters: 
ROLLING: [2019-07-31 15:46:05:8308][http-nio-8888-exec-1] DEBUG c.e.d.b.m.BoardMapper.boardList - <==      Total: 2
ROLLING: [2019-07-31 15:48:29:591][main] INFO  com.example.demo.DemoApplication - Starting DemoApplication on DESKTOP-0O2V5C8 with PID 6176 (C:\Users\KSH_N01\Desktop\demo\target\classes started by KSH_N01 in C:\Users\KSH_N01\Desktop\demo)
ROLLING: [2019-07-31 15:48:29:594][main] DEBUG com.example.demo.DemoApplication - Running with Spring Boot v2.1.6.RELEASE, Spring v5.1.8.RELEASE
ROLLING: [2019-07-31 15:48:29:594][main] INFO  com.example.demo.DemoApplication - The following profiles are active: local,virtual
ROLLING: [2019-07-31 15:48:31:2690][main] INFO  com.example.demo.DemoApplication - Started DemoApplication in 2.48 seconds (JVM running for 4.599)
ROLLING: [2019-07-31 15:48:38:9492][http-nio-8888-exec-1] DEBUG c.e.d.b.m.BoardMapper.boardList - ==>  Preparing: SELECT * FROM BOARD 
ROLLING: [2019-07-31 15:48:38:9526][http-nio-8888-exec-1] DEBUG c.e.d.b.m.BoardMapper.boardList - ==> Parameters: 
ROLLING: [2019-07-31 15:48:38:9553][http-nio-8888-exec-1] DEBUG c.e.d.b.m.BoardMapper.boardList - <==      Total: 2
ROLLING: [2019-07-31 15:48:43:13984][http-nio-8888-exec-5] DEBUG c.e.d.b.m.BoardMapper.boardList - ==>  Preparing: SELECT * FROM BOARD 
ROLLING: [2019-07-31 15:48:43:13985][http-nio-8888-exec-5] DEBUG c.e.d.b.m.BoardMapper.boardList - ==> Parameters: 
ROLLING: [2019-07-31 15:48:43:13989][http-nio-8888-exec-5] DEBUG c.e.d.b.m.BoardMapper.boardList - <==      Total: 2
ROLLING: [2019-07-31 15:49:10:560][main] INFO  com.example.demo.DemoApplication - Starting DemoApplication on DESKTOP-0O2V5C8 with PID 5888 (C:\Users\KSH_N01\Desktop\demo\target\classes started by KSH_N01 in C:\Users\KSH_N01\Desktop\demo)
ROLLING: [2019-07-31 15:49:10:562][main] DEBUG com.example.demo.DemoApplication - Running with Spring Boot v2.1.6.RELEASE, Spring v5.1.8.RELEASE
ROLLING: [2019-07-31 15:49:10:562][main] INFO  com.example.demo.DemoApplication - The following profiles are active: local,virtual
ROLLING: [2019-07-31 15:49:12:2570][main] INFO  com.example.demo.DemoApplication - Started DemoApplication in 2.392 seconds (JVM running for 4.427)
ROLLING: [2019-07-31 15:49:16:7106][http-nio-8888-exec-1] DEBUG c.e.d.b.m.BoardMapper.boardList - ==>  Preparing: SELECT * FROM BOARD 
ROLLING: [2019-07-31 15:49:16:7133][http-nio-8888-exec-1] DEBUG c.e.d.b.m.BoardMapper.boardList - ==> Parameters: 
ROLLING: [2019-07-31 15:49:16:7158][http-nio-8888-exec-1] DEBUG c.e.d.b.m.BoardMapper.boardList - <==      Total: 2
virtual rolling: [2019-07-31 15:54:27:549][main] INFO  com.example.demo.DemoApplication - Starting DemoApplication on DESKTOP-0O2V5C8 with PID 12356 (C:\Users\KSH_N01\Desktop\demo\target\classes started by KSH_N01 in C:\Users\KSH_N01\Desktop\demo)
virtual rolling: [2019-07-31 15:54:27:551][main] DEBUG com.example.demo.DemoApplication - Running with Spring Boot v2.1.6.RELEASE, Spring v5.1.8.RELEASE
virtual rolling: [2019-07-31 15:54:27:551][main] INFO  com.example.demo.DemoApplication - The following profiles are active: virtual
virtual rolling: [2019-07-31 15:54:29:2546][main] INFO  com.example.demo.DemoApplication - Started DemoApplication in 2.42 seconds (JVM running for 4.431)
virtual rolling: [2019-07-31 15:54:32:5667][http-nio-8888-exec-1] DEBUG c.e.d.b.m.BoardMapper.boardList - ==>  Preparing: SELECT * FROM BOARD 
virtual rolling: [2019-07-31 15:54:32:5694][http-nio-8888-exec-1] DEBUG c.e.d.b.m.BoardMapper.boardList - ==> Parameters: 
virtual rolling: [2019-07-31 15:54:32:5719][http-nio-8888-exec-1] DEBUG c.e.d.b.m.BoardMapper.boardList - <==      Total: 2
ROLLING: [2019-07-31 15:54:47:544][main] INFO  com.example.demo.DemoApplication - Starting DemoApplication on DESKTOP-0O2V5C8 with PID 756 (C:\Users\KSH_N01\Desktop\demo\target\classes started by KSH_N01 in C:\Users\KSH_N01\Desktop\demo)
ROLLING: [2019-07-31 15:54:47:546][main] DEBUG com.example.demo.DemoApplication - Running with Spring Boot v2.1.6.RELEASE, Spring v5.1.8.RELEASE
ROLLING: [2019-07-31 15:54:47:547][main] INFO  com.example.demo.DemoApplication - The following profiles are active: local
ROLLING: [2019-07-31 15:54:49:2532][main] INFO  com.example.demo.DemoApplication - Started DemoApplication in 2.415 seconds (JVM running for 4.398)
ROLLING: [2019-07-31 15:54:54:7491][http-nio-8888-exec-1] DEBUG c.e.d.b.m.BoardMapper.boardList - ==>  Preparing: SELECT * FROM BOARD 
ROLLING: [2019-07-31 15:54:54:7521][http-nio-8888-exec-1] DEBUG c.e.d.b.m.BoardMapper.boardList - ==> Parameters: 
ROLLING: [2019-07-31 15:54:55:7566][http-nio-8888-exec-1] DEBUG c.e.d.b.m.BoardMapper.boardList - <==      Total: 23
ROLLING: [2019-07-31 15:56:36:108764][http-nio-8888-exec-5] DEBUG c.e.d.b.m.BoardMapper.boardList - ==>  Preparing: SELECT * FROM BOARD 
ROLLING: [2019-07-31 15:56:36:108772][http-nio-8888-exec-5] DEBUG c.e.d.b.m.BoardMapper.boardList - ==> Parameters: 
ROLLING: [2019-07-31 15:56:36:108784][http-nio-8888-exec-5] DEBUG c.e.d.b.m.BoardMapper.boardList - <==      Total: 23
ROLLING: [2019-07-31 15:57:58:555][main] INFO  com.example.demo.DemoApplication - Starting DemoApplication on DESKTOP-0O2V5C8 with PID 7224 (C:\Users\KSH_N01\Desktop\demo\target\classes started by KSH_N01 in C:\Users\KSH_N01\Desktop\demo)
ROLLING: [2019-07-31 15:57:58:557][main] DEBUG com.example.demo.DemoApplication - Running with Spring Boot v2.1.6.RELEASE, Spring v5.1.8.RELEASE
ROLLING: [2019-07-31 15:57:58:558][main] INFO  com.example.demo.DemoApplication - The following profiles are active: local/virtual
ROLLING: [2019-07-31 15:58:00:2557][main] INFO  com.example.demo.DemoApplication - Started DemoApplication in 2.442 seconds (JVM running for 4.422)
ROLLING: [2019-07-31 15:58:11:14314][http-nio-8888-exec-1] DEBUG c.e.d.b.m.BoardMapper.boardList - ==>  Preparing: SELECT * FROM BOARD 
ROLLING: [2019-07-31 15:58:11:14342][http-nio-8888-exec-1] DEBUG c.e.d.b.m.BoardMapper.boardList - ==> Parameters: 
ROLLING: [2019-07-31 15:58:11:14379][http-nio-8888-exec-1] DEBUG c.e.d.b.m.BoardMapper.boardList - <==      Total: 23
ROLLING: [2019-07-31 15:58:55:608][main] INFO  com.example.demo.DemoApplication - Starting DemoApplication on DESKTOP-0O2V5C8 with PID 5240 (C:\Users\KSH_N01\Desktop\demo\target\classes started by KSH_N01 in C:\Users\KSH_N01\Desktop\demo)
ROLLING: [2019-07-31 15:58:55:611][main] DEBUG com.example.demo.DemoApplication - Running with Spring Boot v2.1.6.RELEASE, Spring v5.1.8.RELEASE
ROLLING: [2019-07-31 15:58:55:612][main] INFO  com.example.demo.DemoApplication - The following profiles are active: local/virtual
ROLLING: [2019-07-31 15:58:57:2866][main] INFO  com.example.demo.DemoApplication - Started DemoApplication in 2.743 seconds (JVM running for 4.849)
ROLLING: [2019-07-31 16:00:20:534][main] INFO  com.example.demo.DemoApplication - Starting DemoApplication on DESKTOP-0O2V5C8 with PID 10132 (C:\Users\KSH_N01\Desktop\demo\target\classes started by KSH_N01 in C:\Users\KSH_N01\Desktop\demo)
ROLLING: [2019-07-31 16:00:20:536][main] DEBUG com.example.demo.DemoApplication - Running with Spring Boot v2.1.6.RELEASE, Spring v5.1.8.RELEASE
ROLLING: [2019-07-31 16:00:20:537][main] INFO  com.example.demo.DemoApplication - No active profile set, falling back to default profiles: default
ROLLING: [2019-07-31 16:00:22:2576][main] INFO  com.example.demo.DemoApplication - Started DemoApplication in 2.444 seconds (JVM running for 4.583)
ROLLING: [2019-07-31 16:00:24:5088][http-nio-8888-exec-1] DEBUG c.e.d.b.m.BoardMapper.boardList - ==>  Preparing: SELECT * FROM BOARD 
ROLLING: [2019-07-31 16:00:24:5116][http-nio-8888-exec-1] DEBUG c.e.d.b.m.BoardMapper.boardList - ==> Parameters: 
ROLLING: [2019-07-31 16:00:24:5148][http-nio-8888-exec-1] DEBUG c.e.d.b.m.BoardMapper.boardList - <==      Total: 23
virtual rolling: [2019-07-31 16:01:02:561][main] INFO  com.example.demo.DemoApplication - Starting DemoApplication on DESKTOP-0O2V5C8 with PID 12404 (C:\Users\KSH_N01\Desktop\demo\target\classes started by KSH_N01 in C:\Users\KSH_N01\Desktop\demo)
virtual rolling: [2019-07-31 16:01:02:564][main] DEBUG com.example.demo.DemoApplication - Running with Spring Boot v2.1.6.RELEASE, Spring v5.1.8.RELEASE
virtual rolling: [2019-07-31 16:01:02:564][main] INFO  com.example.demo.DemoApplication - The following profiles are active: local,virtual
virtual rolling: [2019-07-31 16:01:04:2550][main] INFO  com.example.demo.DemoApplication - Started DemoApplication in 2.423 seconds (JVM running for 4.472)
virtual rolling: [2019-07-31 16:01:08:6140][http-nio-8888-exec-1] DEBUG c.e.d.b.m.BoardMapper.boardList - ==>  Preparing: SELECT * FROM BOARD 
virtual rolling: [2019-07-31 16:01:08:6169][http-nio-8888-exec-1] DEBUG c.e.d.b.m.BoardMapper.boardList - ==> Parameters: 
virtual rolling: [2019-07-31 16:01:08:6194][http-nio-8888-exec-1] DEBUG c.e.d.b.m.BoardMapper.boardList - <==      Total: 2
local rolling: [2019-07-31 16:01:30:547][main] INFO  com.example.demo.DemoApplication - Starting DemoApplication on DESKTOP-0O2V5C8 with PID 15492 (C:\Users\KSH_N01\Desktop\demo\target\classes started by KSH_N01 in C:\Users\KSH_N01\Desktop\demo)
local rolling: [2019-07-31 16:01:30:549][main] DEBUG com.example.demo.DemoApplication - Running with Spring Boot v2.1.6.RELEASE, Spring v5.1.8.RELEASE
local rolling: [2019-07-31 16:01:30:550][main] INFO  com.example.demo.DemoApplication - The following profiles are active: local,virtual
local rolling: [2019-07-31 16:01:32:2554][main] INFO  com.example.demo.DemoApplication - Started DemoApplication in 2.437 seconds (JVM running for 4.453)
local rolling: [2019-07-31 16:01:34:3996][http-nio-8888-exec-1] DEBUG c.e.d.b.m.BoardMapper.boardList - ==>  Preparing: SELECT * FROM BOARD 
local rolling: [2019-07-31 16:01:34:4024][http-nio-8888-exec-1] DEBUG c.e.d.b.m.BoardMapper.boardList - ==> Parameters: 
local rolling: [2019-07-31 16:01:34:4063][http-nio-8888-exec-1] DEBUG c.e.d.b.m.BoardMapper.boardList - <==      Total: 23
local rolling: [2019-07-31 16:12:49:799][main] INFO  com.example.demo.DemoApplication - Starting DemoApplication on DESKTOP-0O2V5C8 with PID 16100 (C:\Users\KSH_N01\Desktop\demo\target\classes started by KSH_N01 in C:\Users\KSH_N01\Desktop\demo)
local rolling: [2019-07-31 16:12:49:801][main] DEBUG com.example.demo.DemoApplication - Running with Spring Boot v2.1.6.RELEASE, Spring v5.1.8.RELEASE
local rolling: [2019-07-31 16:12:49:801][main] INFO  com.example.demo.DemoApplication - The following profiles are active: local,virtual
local rolling: [2019-07-31 16:12:52:3753][main] INFO  com.example.demo.DemoApplication - Started DemoApplication in 3.6 seconds (JVM running for 13.968)
local rolling: [2019-07-31 16:13:02:13869][http-nio-8888-exec-1] DEBUG c.e.d.b.m.BoardMapper.boardList - ==>  Preparing: SELECT * FROM BOARD 
local rolling: [2019-07-31 16:13:02:13899][http-nio-8888-exec-1] DEBUG c.e.d.b.m.BoardMapper.boardList - ==> Parameters: 
local rolling: [2019-07-31 16:13:02:13934][http-nio-8888-exec-1] DEBUG c.e.d.b.m.BoardMapper.boardList - <==      Total: 23
local rolling: [2019-07-31 16:13:05:17291][http-nio-8888-exec-3] DEBUG c.e.d.b.m.BoardMapper.boardList - ==>  Preparing: SELECT * FROM BOARD 
local rolling: [2019-07-31 16:13:05:17292][http-nio-8888-exec-3] DEBUG c.e.d.b.m.BoardMapper.boardList - ==> Parameters: 
local rolling: [2019-07-31 16:13:05:17296][http-nio-8888-exec-3] DEBUG c.e.d.b.m.BoardMapper.boardList - <==      Total: 23
local rolling: [2019-07-31 16:13:06:17960][http-nio-8888-exec-4] DEBUG c.e.d.b.m.BoardMapper.boardList - ==>  Preparing: SELECT * FROM BOARD 
local rolling: [2019-07-31 16:13:06:17960][http-nio-8888-exec-4] DEBUG c.e.d.b.m.BoardMapper.boardList - ==> Parameters: 
local rolling: [2019-07-31 16:13:06:17967][http-nio-8888-exec-4] DEBUG c.e.d.b.m.BoardMapper.boardList - <==      Total: 23
local rolling: [2019-07-31 16:13:06:18479][http-nio-8888-exec-7] DEBUG c.e.d.b.m.BoardMapper.boardList - ==>  Preparing: SELECT * FROM BOARD 
local rolling: [2019-07-31 16:13:06:18479][http-nio-8888-exec-7] DEBUG c.e.d.b.m.BoardMapper.boardList - ==> Parameters: 
local rolling: [2019-07-31 16:13:06:18483][http-nio-8888-exec-7] DEBUG c.e.d.b.m.BoardMapper.boardList - <==      Total: 23
local rolling: [2019-07-31 16:13:07:18996][http-nio-8888-exec-9] DEBUG c.e.d.b.m.BoardMapper.boardList - ==>  Preparing: SELECT * FROM BOARD 
local rolling: [2019-07-31 16:13:07:18996][http-nio-8888-exec-9] DEBUG c.e.d.b.m.BoardMapper.boardList - ==> Parameters: 
local rolling: [2019-07-31 16:13:07:19000][http-nio-8888-exec-9] DEBUG c.e.d.b.m.BoardMapper.boardList - <==      Total: 23
ROLLING: [2019-07-31 16:14:11:604][main] INFO  com.example.demo.DemoApplication - Starting DemoApplication on DESKTOP-0O2V5C8 with PID 5456 (C:\Users\KSH_N01\Desktop\demo\target\classes started by KSH_N01 in C:\Users\KSH_N01\Desktop\demo)
ROLLING: [2019-07-31 16:14:11:607][main] DEBUG com.example.demo.DemoApplication - Running with Spring Boot v2.1.6.RELEASE, Spring v5.1.8.RELEASE
ROLLING: [2019-07-31 16:14:11:607][main] INFO  com.example.demo.DemoApplication - The following profiles are active: local,virtual
ROLLING: [2019-07-31 16:14:14:3075][main] INFO  com.example.demo.DemoApplication - Started DemoApplication in 2.955 seconds (JVM running for 5.346)
ROLLING: [2019-07-31 16:14:21:10611][http-nio-8888-exec-1] DEBUG c.e.d.b.m.BoardMapper.boardList - ==>  Preparing: SELECT * FROM BOARD 
